09:59:52.723 [main] INFO  com.healowhub.base.Base - driver is initialized
10:00:34.853 [main] INFO  com.healowhub.base.Base - title verified of Blood Sugar
10:00:35.002 [main] INFO  com.healowhub.base.Base - week one clickable under Blood Sugar
10:00:35.136 [main] INFO  com.healowhub.base.Base - week twelve clickable under Blood Sugar
10:00:35.172 [main] INFO  com.healowhub.base.Base - title verified of BloodPressure
10:00:35.287 [main] INFO  com.healowhub.base.Base - week one clickable under BloodPressure
10:00:35.418 [main] INFO  com.healowhub.base.Base - week four clickable under BloodPressure
10:00:35.552 [main] INFO  com.healowhub.base.Base - week twelve clickable under BloodPressure
10:00:35.611 [main] INFO  com.healowhub.base.Base - title verified of BMI
10:00:35.761 [main] INFO  com.healowhub.base.Base - week one unclickable under BMI
10:00:35.880 [main] INFO  com.healowhub.base.Base - week four clickable under BMI
10:00:35.979 [main] INFO  com.healowhub.base.Base - week twelve clickable under BMI
10:00:36.011 [main] INFO  com.healowhub.base.Base - title verified of Calories
10:00:36.143 [main] INFO  com.healowhub.base.Base - week one clickable under Calories
10:00:36.242 [main] INFO  com.healowhub.base.Base - week four clickable under Calories
10:00:36.343 [main] INFO  com.healowhub.base.Base - week twelve clickable under Calories
10:00:36.387 [main] INFO  com.healowhub.base.Base - title verified of Distance
10:00:36.513 [main] INFO  com.healowhub.base.Base - week one clickable under Calories
10:00:36.610 [main] INFO  com.healowhub.base.Base - week four clickable under Distance
10:00:36.753 [main] INFO  com.healowhub.base.Base - week twelve clickable under Distance
10:00:36.791 [main] INFO  com.healowhub.base.Base - title verified of Floors
10:00:36.919 [main] INFO  com.healowhub.base.Base - week one clickable under Floors
10:00:37.009 [main] INFO  com.healowhub.base.Base - week four clickable under Floors
10:00:37.113 [main] INFO  com.healowhub.base.Base - week twelve clickable under Floors
10:00:37.157 [main] INFO  com.healowhub.base.Base - title verified of Sleep
10:00:37.278 [main] INFO  com.healowhub.base.Base - week one clickable under Sleep
10:00:37.394 [main] INFO  com.healowhub.base.Base - week four clickable under Sleep
10:00:37.501 [main] INFO  com.healowhub.base.Base - week twelve clickable under Sleep
10:00:37.531 [main] INFO  com.healowhub.base.Base - title verified of Steps
10:00:37.675 [main] INFO  com.healowhub.base.Base - week one clickable under Steps
10:00:37.768 [main] INFO  com.healowhub.base.Base - week four clickable under Steps
10:00:37.860 [main] INFO  com.healowhub.base.Base - week twelve clickable under Steps
10:46:28.586 [main] INFO  com.healowhub.base.Base - driver is initialized
10:47:30.010 [main] INFO  com.healowhub.base.Base - title verified of Blood Sugar
10:49:13.186 [main] INFO  com.healowhub.base.Base - driver is initialized
10:49:49.422 [main] INFO  com.healowhub.base.Base - title verified of Blood Sugar
10:54:34.439 [main] INFO  com.healowhub.base.Base - driver is initialized
10:55:12.713 [main] INFO  com.healowhub.base.Base - title verified of Blood Sugar
02:55:47.466 [main] INFO  com.healowhub.base.Base - driver is initialized
02:56:21.809 [main] INFO  com.healowhub.base.Base - driver is initialized
02:57:02.446 [main] INFO  com.healowhub.base.Base - title verified of Blood Sugar
02:57:02.573 [main] INFO  com.healowhub.base.Base - week one clickable under Blood Sugar
02:57:02.711 [main] INFO  com.healowhub.base.Base - week twelve clickable under Blood Sugar
02:57:02.773 [main] INFO  com.healowhub.base.Base - title verified of BloodPressure
02:57:02.901 [main] INFO  com.healowhub.base.Base - week one clickable under BloodPressure
02:57:03.007 [main] INFO  com.healowhub.base.Base - week four clickable under BloodPressure
02:57:03.115 [main] INFO  com.healowhub.base.Base - week twelve clickable under BloodPressure
02:57:03.167 [main] INFO  com.healowhub.base.Base - title verified of BMI
02:57:03.367 [main] INFO  com.healowhub.base.Base - week one unclickable under BMI
02:57:03.498 [main] INFO  com.healowhub.base.Base - week four clickable under BMI
02:57:03.628 [main] INFO  com.healowhub.base.Base - week twelve clickable under BMI
02:57:03.666 [main] INFO  com.healowhub.base.Base - title verified of Calories
02:57:03.798 [main] INFO  com.healowhub.base.Base - week one clickable under Calories
02:57:03.901 [main] INFO  com.healowhub.base.Base - week four clickable under Calories
02:57:04.014 [main] INFO  com.healowhub.base.Base - week twelve clickable under Calories
02:57:04.067 [main] INFO  com.healowhub.base.Base - title verified of Distance
02:57:04.232 [main] INFO  com.healowhub.base.Base - week one clickable under Calories
02:57:04.342 [main] INFO  com.healowhub.base.Base - week four clickable under Distance
02:57:04.434 [main] INFO  com.healowhub.base.Base - week twelve clickable under Distance
02:57:04.469 [main] INFO  com.healowhub.base.Base - title verified of Floors
02:57:04.625 [main] INFO  com.healowhub.base.Base - week one clickable under Floors
02:57:04.728 [main] INFO  com.healowhub.base.Base - week four clickable under Floors
02:57:04.844 [main] INFO  com.healowhub.base.Base - week twelve clickable under Floors
02:57:04.898 [main] INFO  com.healowhub.base.Base - title verified of Sleep
02:57:05.027 [main] INFO  com.healowhub.base.Base - week one clickable under Sleep
02:57:05.119 [main] INFO  com.healowhub.base.Base - week four clickable under Sleep
02:57:05.234 [main] INFO  com.healowhub.base.Base - week twelve clickable under Sleep
02:57:05.269 [main] INFO  com.healowhub.base.Base - title verified of Steps
02:57:05.399 [main] INFO  com.healowhub.base.Base - week one clickable under Steps
02:57:05.493 [main] INFO  com.healowhub.base.Base - week four clickable under Steps
02:57:05.624 [main] INFO  com.healowhub.base.Base - week twelve clickable under Steps
03:38:52.667 [main] INFO  com.healowhub.base.Base - driver is initialized
04:46:13.640 [main] INFO  com.healowhub.base.Base - driver is initialized
04:46:58.567 [main] INFO  com.healowhub.base.Base - title verified of Blood Sugar
04:46:58.754 [main] INFO  com.healowhub.base.Base - week one clickable under Blood Sugar
04:46:58.864 [main] INFO  com.healowhub.base.Base - week twelve clickable under Blood Sugar
04:46:58.931 [main] INFO  com.healowhub.base.Base - title verified of BloodPressure
10:05:54.205 [main] INFO  com.healowhub.base.Base - driver is initialized
10:09:00.401 [main] INFO  com.healowhub.base.Base - driver is initialized
10:09:43.758 [main] INFO  com.healowhub.base.Base - title verified of Blood Sugar
10:09:43.896 [main] INFO  com.healowhub.base.Base - week one clickable under Blood Sugar
10:09:44.022 [main] INFO  com.healowhub.base.Base - week twelve clickable under Blood Sugar
10:09:44.058 [main] INFO  com.healowhub.base.Base - title verified of BloodPressure
10:09:44.185 [main] INFO  com.healowhub.base.Base - week one clickable under BloodPressure
10:09:44.292 [main] INFO  com.healowhub.base.Base - week four clickable under BloodPressure
10:09:44.456 [main] INFO  com.healowhub.base.Base - week twelve clickable under BloodPressure
10:09:44.542 [main] INFO  com.healowhub.base.Base - title verified of BMI
10:09:44.672 [main] INFO  com.healowhub.base.Base - week one unclickable under BMI
10:09:44.777 [main] INFO  com.healowhub.base.Base - week four clickable under BMI
10:09:44.878 [main] INFO  com.healowhub.base.Base - week twelve clickable under BMI
10:09:44.929 [main] INFO  com.healowhub.base.Base - title verified of Calories
10:09:45.047 [main] INFO  com.healowhub.base.Base - week one clickable under Calories
10:09:45.152 [main] INFO  com.healowhub.base.Base - week four clickable under Calories
10:09:45.255 [main] INFO  com.healowhub.base.Base - week twelve clickable under Calories
10:09:45.308 [main] INFO  com.healowhub.base.Base - title verified of Distance
10:09:45.464 [main] INFO  com.healowhub.base.Base - week one clickable under Calories
10:09:45.553 [main] INFO  com.healowhub.base.Base - week four clickable under Distance
10:09:45.674 [main] INFO  com.healowhub.base.Base - week twelve clickable under Distance
10:09:45.709 [main] INFO  com.healowhub.base.Base - title verified of Floors
10:09:45.844 [main] INFO  com.healowhub.base.Base - week one clickable under Floors
10:09:45.935 [main] INFO  com.healowhub.base.Base - week four clickable under Floors
10:09:46.052 [main] INFO  com.healowhub.base.Base - week twelve clickable under Floors
10:09:46.098 [main] INFO  com.healowhub.base.Base - title verified of Sleep
10:09:46.231 [main] INFO  com.healowhub.base.Base - week one clickable under Sleep
10:09:46.325 [main] INFO  com.healowhub.base.Base - week four clickable under Sleep
10:09:46.429 [main] INFO  com.healowhub.base.Base - week twelve clickable under Sleep
10:09:46.463 [main] INFO  com.healowhub.base.Base - title verified of Steps
10:09:46.584 [main] INFO  com.healowhub.base.Base - week one clickable under Steps
10:09:46.689 [main] INFO  com.healowhub.base.Base - week four clickable under Steps
10:09:46.817 [main] INFO  com.healowhub.base.Base - week twelve clickable under Steps
11:08:31.670 [main] INFO  com.healowhub.base.Base - driver is initialized
09:15:37.047 [main] INFO  com.healowhub.base.Base - driver is initialized
09:16:31.059 [main] INFO  com.healowhub.base.Base - driver is initialized
09:17:17.666 [main] INFO  com.healowhub.base.Base - title verified of Blood Sugar
09:17:17.843 [main] INFO  com.healowhub.base.Base - week one clickable under Blood Sugar
09:17:17.995 [main] INFO  com.healowhub.base.Base - week twelve clickable under Blood Sugar
09:17:18.037 [main] INFO  com.healowhub.base.Base - title verified of BloodPressure
09:17:18.136 [main] INFO  com.healowhub.base.Base - week one clickable under BloodPressure
09:17:18.239 [main] INFO  com.healowhub.base.Base - week four clickable under BloodPressure
09:17:18.334 [main] INFO  com.healowhub.base.Base - week twelve clickable under BloodPressure
09:17:18.421 [main] INFO  com.healowhub.base.Base - title verified of BMI
09:17:18.583 [main] INFO  com.healowhub.base.Base - week one unclickable under BMI
09:17:18.713 [main] INFO  com.healowhub.base.Base - week four clickable under BMI
09:17:18.830 [main] INFO  com.healowhub.base.Base - week twelve clickable under BMI
09:17:18.868 [main] INFO  com.healowhub.base.Base - title verified of Calories
09:17:19.003 [main] INFO  com.healowhub.base.Base - week one clickable under Calories
09:17:19.101 [main] INFO  com.healowhub.base.Base - week four clickable under Calories
09:17:19.206 [main] INFO  com.healowhub.base.Base - week twelve clickable under Calories
09:17:19.248 [main] INFO  com.healowhub.base.Base - title verified of Distance
09:17:19.384 [main] INFO  com.healowhub.base.Base - week one clickable under Calories
09:17:19.480 [main] INFO  com.healowhub.base.Base - week four clickable under Distance
09:17:19.581 [main] INFO  com.healowhub.base.Base - week twelve clickable under Distance
09:17:19.615 [main] INFO  com.healowhub.base.Base - title verified of Floors
09:17:19.783 [main] INFO  com.healowhub.base.Base - week one clickable under Floors
09:17:19.874 [main] INFO  com.healowhub.base.Base - week four clickable under Floors
09:17:19.997 [main] INFO  com.healowhub.base.Base - week twelve clickable under Floors
09:17:20.043 [main] INFO  com.healowhub.base.Base - title verified of Sleep
09:17:20.164 [main] INFO  com.healowhub.base.Base - week one clickable under Sleep
09:17:20.259 [main] INFO  com.healowhub.base.Base - week four clickable under Sleep
09:17:20.379 [main] INFO  com.healowhub.base.Base - week twelve clickable under Sleep
09:17:20.416 [main] INFO  com.healowhub.base.Base - title verified of Steps
09:17:20.527 [main] INFO  com.healowhub.base.Base - week one clickable under Steps
09:17:20.630 [main] INFO  com.healowhub.base.Base - week four clickable under Steps
09:17:20.729 [main] INFO  com.healowhub.base.Base - week twelve clickable under Steps
09:37:52.118 [main] INFO  com.healowhub.base.Base - driver is initialized
09:38:38.152 [main] INFO  com.healowhub.base.Base - title verified of Blood Sugar
09:38:38.305 [main] INFO  com.healowhub.base.Base - week one clickable under Blood Sugar
09:38:38.416 [main] INFO  com.healowhub.base.Base - week twelve clickable under Blood Sugar
09:38:38.490 [main] INFO  com.healowhub.base.Base - title verified of BloodPressure
09:38:38.593 [main] INFO  com.healowhub.base.Base - week one clickable under BloodPressure
09:38:38.723 [main] INFO  com.healowhub.base.Base - week four clickable under BloodPressure
09:38:38.814 [main] INFO  com.healowhub.base.Base - week twelve clickable under BloodPressure
09:38:38.902 [main] INFO  com.healowhub.base.Base - title verified of BMI
09:38:39.071 [main] INFO  com.healowhub.base.Base - week one unclickable under BMI
09:38:39.194 [main] INFO  com.healowhub.base.Base - week four clickable under BMI
09:38:39.294 [main] INFO  com.healowhub.base.Base - week twelve clickable under BMI
09:38:39.332 [main] INFO  com.healowhub.base.Base - title verified of Calories
09:38:39.460 [main] INFO  com.healowhub.base.Base - week one clickable under Calories
09:38:39.577 [main] INFO  com.healowhub.base.Base - week four clickable under Calories
09:38:39.682 [main] INFO  com.healowhub.base.Base - week twelve clickable under Calories
09:38:39.732 [main] INFO  com.healowhub.base.Base - title verified of Distance
09:38:39.847 [main] INFO  com.healowhub.base.Base - week one clickable under Calories
09:38:39.985 [main] INFO  com.healowhub.base.Base - week four clickable under Distance
09:38:40.085 [main] INFO  com.healowhub.base.Base - week twelve clickable under Distance
09:38:40.121 [main] INFO  com.healowhub.base.Base - title verified of Floors
09:38:40.234 [main] INFO  com.healowhub.base.Base - week one clickable under Floors
09:38:40.343 [main] INFO  com.healowhub.base.Base - week four clickable under Floors
09:38:40.442 [main] INFO  com.healowhub.base.Base - week twelve clickable under Floors
09:38:40.492 [main] INFO  com.healowhub.base.Base - title verified of Sleep
09:38:40.611 [main] INFO  com.healowhub.base.Base - week one clickable under Sleep
09:38:40.734 [main] INFO  com.healowhub.base.Base - week four clickable under Sleep
09:38:40.835 [main] INFO  com.healowhub.base.Base - week twelve clickable under Sleep
09:38:40.871 [main] INFO  com.healowhub.base.Base - title verified of Steps
09:38:40.997 [main] INFO  com.healowhub.base.Base - week one clickable under Steps
09:38:41.090 [main] INFO  com.healowhub.base.Base - week four clickable under Steps
09:38:41.184 [main] INFO  com.healowhub.base.Base - week twelve clickable under Steps
09:45:53.581 [main] INFO  com.healowhub.base.Base - driver is initialized
09:46:38.730 [main] INFO  com.healowhub.base.Base - title verified of Blood Sugar
09:46:38.886 [main] INFO  com.healowhub.base.Base - week one clickable under Blood Sugar
09:46:39.022 [main] INFO  com.healowhub.base.Base - week twelve clickable under Blood Sugar
09:46:39.058 [main] INFO  com.healowhub.base.Base - title verified of BloodPressure
09:46:39.154 [main] INFO  com.healowhub.base.Base - week one clickable under BloodPressure
09:46:39.280 [main] INFO  com.healowhub.base.Base - week four clickable under BloodPressure
09:46:39.371 [main] INFO  com.healowhub.base.Base - week twelve clickable under BloodPressure
09:46:39.419 [main] INFO  com.healowhub.base.Base - title verified of BMI
09:46:39.619 [main] INFO  com.healowhub.base.Base - week one unclickable under BMI
09:46:39.745 [main] INFO  com.healowhub.base.Base - week four clickable under BMI
09:46:39.864 [main] INFO  com.healowhub.base.Base - week twelve clickable under BMI
09:46:39.909 [main] INFO  com.healowhub.base.Base - title verified of Calories
09:46:40.047 [main] INFO  com.healowhub.base.Base - week one clickable under Calories
09:50:32.271 [main] INFO  com.healowhub.base.Base - driver is initialized
09:51:13.088 [main] INFO  com.healowhub.base.Base - title verified of Blood Sugar
09:51:13.243 [main] INFO  com.healowhub.base.Base - week one clickable under Blood Sugar
09:51:13.365 [main] INFO  com.healowhub.base.Base - week twelve clickable under Blood Sugar
09:51:13.400 [main] INFO  com.healowhub.base.Base - title verified of BloodPressure
09:51:13.514 [main] INFO  com.healowhub.base.Base - week one clickable under BloodPressure
09:51:13.636 [main] INFO  com.healowhub.base.Base - week four clickable under BloodPressure
09:51:13.756 [main] INFO  com.healowhub.base.Base - week twelve clickable under BloodPressure
09:51:13.823 [main] INFO  com.healowhub.base.Base - title verified of BMI
09:51:13.968 [main] INFO  com.healowhub.base.Base - week one unclickable under BMI
09:51:14.100 [main] INFO  com.healowhub.base.Base - week four clickable under BMI
09:51:14.199 [main] INFO  com.healowhub.base.Base - week twelve clickable under BMI
09:51:14.230 [main] INFO  com.healowhub.base.Base - title verified of Calories
09:51:14.360 [main] INFO  com.healowhub.base.Base - week one clickable under Calories
09:51:14.519 [main] INFO  com.healowhub.base.Base - week four clickable under Calories
09:51:14.639 [main] INFO  com.healowhub.base.Base - week twelve clickable under Calories
09:51:14.682 [main] INFO  com.healowhub.base.Base - title verified of Distance
09:51:14.816 [main] INFO  com.healowhub.base.Base - week one clickable under Calories
09:51:14.909 [main] INFO  com.healowhub.base.Base - week four clickable under Distance
09:51:15.006 [main] INFO  com.healowhub.base.Base - week twelve clickable under Distance
09:51:15.038 [main] INFO  com.healowhub.base.Base - title verified of Floors
09:51:15.164 [main] INFO  com.healowhub.base.Base - week one clickable under Floors
09:51:15.270 [main] INFO  com.healowhub.base.Base - week four clickable under Floors
09:51:15.387 [main] INFO  com.healowhub.base.Base - week twelve clickable under Floors
09:51:15.435 [main] INFO  com.healowhub.base.Base - title verified of Sleep
09:51:15.591 [main] INFO  com.healowhub.base.Base - week one clickable under Sleep
09:51:15.699 [main] INFO  com.healowhub.base.Base - week four clickable under Sleep
09:51:15.793 [main] INFO  com.healowhub.base.Base - week twelve clickable under Sleep
09:51:15.844 [main] INFO  com.healowhub.base.Base - title verified of Steps
09:51:16.015 [main] INFO  com.healowhub.base.Base - week one clickable under Steps
09:51:16.119 [main] INFO  com.healowhub.base.Base - week four clickable under Steps
09:51:16.220 [main] INFO  com.healowhub.base.Base - week twelve clickable under Steps
10:18:59.720 [main] INFO  com.healowhub.base.Base - driver is initialized
02:48:39.214 [main] INFO  com.healowhub.base.Base - driver is initialized
02:49:24.370 [main] INFO  com.healowhub.base.Base - driver is initialized
02:49:44.213 [main] INFO  com.healowhub.base.Base - driver is initialized
02:50:19.513 [main] INFO  com.healowhub.base.Base - driver is initialized
03:06:33.291 [main] INFO  com.healowcom.tc.LoginTest - search type verified
03:06:33.398 [main] INFO  com.healowcom.tc.LoginTest - practice code sent
03:06:33.476 [main] INFO  com.healowcom.tc.LoginTest - submit button pressed
03:15:19.898 [main] INFO  com.healowcom.tc.LoginTest - search type verified
03:15:20.058 [main] INFO  com.healowcom.tc.LoginTest - practice code sent
03:15:20.152 [main] INFO  com.healowcom.tc.LoginTest - submit button pressed
03:20:24.174 [main] INFO  com.healowcom.tc.LoginTest - search type verified
03:20:24.718 [main] INFO  com.healowcom.tc.LoginTest - practice code sent
03:20:24.787 [main] INFO  com.healowcom.tc.LoginTest - submit button pressed
03:21:07.823 [main] INFO  com.healowcom.tc.LoginTest - search type verified
03:21:08.431 [main] INFO  com.healowcom.tc.LoginTest - practice code sent
03:21:08.495 [main] INFO  com.healowcom.tc.LoginTest - submit button pressed
03:38:48.472 [main] INFO  com.healowcom.tc.LoginTest - search type verified
03:38:49.186 [main] INFO  com.healowcom.tc.LoginTest - practice code sent
03:38:49.254 [main] INFO  com.healowcom.tc.LoginTest - submit button pressed
03:40:19.866 [main] INFO  com.healowcom.tc.LoginTest - search type verified
03:40:20.466 [main] INFO  com.healowcom.tc.LoginTest - practice code sent
03:40:20.528 [main] INFO  com.healowcom.tc.LoginTest - submit button pressed
03:47:54.070 [main] INFO  com.healowcom.tc.LoginTest - search type verified
03:47:54.655 [main] INFO  com.healowcom.tc.LoginTest - practice code sent
03:47:54.732 [main] INFO  com.healowcom.tc.LoginTest - submit button pressed
03:54:01.695 [main] INFO  com.healowcom.tc.LoginTest - search type verified
03:54:02.336 [main] INFO  com.healowcom.tc.LoginTest - practice code sent
03:54:02.574 [main] INFO  com.healowcom.tc.LoginTest - submit button pressed
07:18:21.246 [main] INFO  com.healowhub.base.Base - driver is initialized
07:18:59.688 [main] INFO  com.healowhub.base.Base - driver is initialized
07:21:07.266 [main] INFO  com.healowhub.base.Base - driver is initialized
07:23:22.260 [main] INFO  com.healowhub.base.Base - driver is initialized
07:24:04.337 [main] INFO  com.healowhub.base.Base - title verified of Blood Sugar
07:24:04.486 [main] INFO  com.healowhub.base.Base - week one clickable under Blood Sugar
07:24:04.648 [main] INFO  com.healowhub.base.Base - week twelve clickable under Blood Sugar
07:24:04.686 [main] INFO  com.healowhub.base.Base - title verified of BloodPressure
07:24:04.796 [main] INFO  com.healowhub.base.Base - week one clickable under BloodPressure
07:24:04.935 [main] INFO  com.healowhub.base.Base - week four clickable under BloodPressure
07:24:05.068 [main] INFO  com.healowhub.base.Base - week twelve clickable under BloodPressure
07:24:05.138 [main] INFO  com.healowhub.base.Base - title verified of BMI
07:24:05.439 [main] INFO  com.healowhub.base.Base - week one unclickable under BMI
07:24:05.549 [main] INFO  com.healowhub.base.Base - week four clickable under BMI
07:24:05.668 [main] INFO  com.healowhub.base.Base - week twelve clickable under BMI
07:24:05.707 [main] INFO  com.healowhub.base.Base - title verified of Calories
07:24:05.859 [main] INFO  com.healowhub.base.Base - week one clickable under Calories
07:24:06.008 [main] INFO  com.healowhub.base.Base - week four clickable under Calories
07:24:06.123 [main] INFO  com.healowhub.base.Base - week twelve clickable under Calories
07:24:06.168 [main] INFO  com.healowhub.base.Base - title verified of Distance
07:24:06.300 [main] INFO  com.healowhub.base.Base - week one clickable under Calories
07:24:06.402 [main] INFO  com.healowhub.base.Base - week four clickable under Distance
07:24:06.496 [main] INFO  com.healowhub.base.Base - week twelve clickable under Distance
07:24:06.546 [main] INFO  com.healowhub.base.Base - title verified of Floors
07:24:06.726 [main] INFO  com.healowhub.base.Base - week one clickable under Floors
07:24:06.908 [main] INFO  com.healowhub.base.Base - week four clickable under Floors
07:24:07.028 [main] INFO  com.healowhub.base.Base - week twelve clickable under Floors
07:24:07.092 [main] INFO  com.healowhub.base.Base - title verified of Sleep
07:24:07.250 [main] INFO  com.healowhub.base.Base - week one clickable under Sleep
07:24:07.343 [main] INFO  com.healowhub.base.Base - week four clickable under Sleep
07:24:07.442 [main] INFO  com.healowhub.base.Base - week twelve clickable under Sleep
07:24:07.481 [main] INFO  com.healowhub.base.Base - title verified of Steps
07:24:07.596 [main] INFO  com.healowhub.base.Base - week one clickable under Steps
07:24:07.709 [main] INFO  com.healowhub.base.Base - week four clickable under Steps
07:24:07.809 [main] INFO  com.healowhub.base.Base - week twelve clickable under Steps
07:25:09.489 [main] INFO  com.healowhub.base.Base - driver is initialized
07:25:44.731 [main] INFO  com.healowhub.base.Base - title verified of Blood Sugar
07:25:44.916 [main] INFO  com.healowhub.base.Base - week one clickable under Blood Sugar
07:25:45.012 [main] INFO  com.healowhub.base.Base - week twelve clickable under Blood Sugar
07:25:45.046 [main] INFO  com.healowhub.base.Base - title verified of BloodPressure
07:25:45.183 [main] INFO  com.healowhub.base.Base - week one clickable under BloodPressure
07:25:45.303 [main] INFO  com.healowhub.base.Base - week four clickable under BloodPressure
07:25:45.430 [main] INFO  com.healowhub.base.Base - week twelve clickable under BloodPressure
07:25:45.484 [main] INFO  com.healowhub.base.Base - title verified of BMI
07:25:45.656 [main] INFO  com.healowhub.base.Base - week one unclickable under BMI
07:25:45.763 [main] INFO  com.healowhub.base.Base - week four clickable under BMI
07:25:45.861 [main] INFO  com.healowhub.base.Base - week twelve clickable under BMI
07:25:45.900 [main] INFO  com.healowhub.base.Base - title verified of Calories
07:25:46.038 [main] INFO  com.healowhub.base.Base - week one clickable under Calories
07:25:46.152 [main] INFO  com.healowhub.base.Base - week four clickable under Calories
07:25:46.267 [main] INFO  com.healowhub.base.Base - week twelve clickable under Calories
07:25:46.316 [main] INFO  com.healowhub.base.Base - title verified of Distance
07:25:46.436 [main] INFO  com.healowhub.base.Base - week one clickable under Calories
07:25:46.531 [main] INFO  com.healowhub.base.Base - week four clickable under Distance
07:25:46.630 [main] INFO  com.healowhub.base.Base - week twelve clickable under Distance
07:25:46.676 [main] INFO  com.healowhub.base.Base - title verified of Floors
07:25:46.802 [main] INFO  com.healowhub.base.Base - week one clickable under Floors
07:25:46.900 [main] INFO  com.healowhub.base.Base - week four clickable under Floors
07:25:47.007 [main] INFO  com.healowhub.base.Base - week twelve clickable under Floors
07:25:47.048 [main] INFO  com.healowhub.base.Base - title verified of Sleep
07:25:47.174 [main] INFO  com.healowhub.base.Base - week one clickable under Sleep
07:25:47.365 [main] INFO  com.healowhub.base.Base - week four clickable under Sleep
07:25:47.458 [main] INFO  com.healowhub.base.Base - week twelve clickable under Sleep
07:25:47.494 [main] INFO  com.healowhub.base.Base - title verified of Steps
07:25:47.608 [main] INFO  com.healowhub.base.Base - week one clickable under Steps
07:25:47.706 [main] INFO  com.healowhub.base.Base - week four clickable under Steps
07:25:47.802 [main] INFO  com.healowhub.base.Base - week twelve clickable under Steps
07:26:51.726 [main] INFO  com.healowhub.base.Base - driver is initialized
07:27:34.775 [main] INFO  com.healowhub.base.Base - title verified of Blood Sugar
07:27:34.901 [main] INFO  com.healowhub.base.Base - week one clickable under Blood Sugar
07:27:35.060 [main] INFO  com.healowhub.base.Base - week twelve clickable under Blood Sugar
07:27:35.099 [main] INFO  com.healowhub.base.Base - title verified of BloodPressure
07:27:35.256 [main] INFO  com.healowhub.base.Base - week one clickable under BloodPressure
07:27:35.365 [main] INFO  com.healowhub.base.Base - week four clickable under BloodPressure
07:27:35.474 [main] INFO  com.healowhub.base.Base - week twelve clickable under BloodPressure
07:27:35.523 [main] INFO  com.healowhub.base.Base - title verified of BMI
07:27:35.706 [main] INFO  com.healowhub.base.Base - week one clickable under BMI
07:27:35.815 [main] INFO  com.healowhub.base.Base - week four clickable under BMI
07:27:35.914 [main] INFO  com.healowhub.base.Base - week twelve clickable under BMI
07:27:35.948 [main] INFO  com.healowhub.base.Base - title verified of Calories
07:27:36.072 [main] INFO  com.healowhub.base.Base - week one clickable under Calories
07:27:36.168 [main] INFO  com.healowhub.base.Base - week four clickable under Calories
07:27:36.284 [main] INFO  com.healowhub.base.Base - week twelve clickable under Calories
07:27:36.325 [main] INFO  com.healowhub.base.Base - title verified of Distance
07:27:36.455 [main] INFO  com.healowhub.base.Base - week one clickable under Calories
07:27:36.544 [main] INFO  com.healowhub.base.Base - week four clickable under Distance
07:27:36.698 [main] INFO  com.healowhub.base.Base - week twelve clickable under Distance
07:27:36.745 [main] INFO  com.healowhub.base.Base - title verified of Floors
07:27:36.870 [main] INFO  com.healowhub.base.Base - week one clickable under Floors
07:27:36.962 [main] INFO  com.healowhub.base.Base - week four clickable under Floors
07:27:37.059 [main] INFO  com.healowhub.base.Base - week twelve clickable under Floors
07:27:37.097 [main] INFO  com.healowhub.base.Base - title verified of Sleep
07:27:37.255 [main] INFO  com.healowhub.base.Base - week one clickable under Sleep
07:27:37.366 [main] INFO  com.healowhub.base.Base - week four clickable under Sleep
07:27:37.468 [main] INFO  com.healowhub.base.Base - week twelve clickable under Sleep
07:27:37.511 [main] INFO  com.healowhub.base.Base - title verified of Steps
07:27:37.630 [main] INFO  com.healowhub.base.Base - week one clickable under Steps
07:27:37.735 [main] INFO  com.healowhub.base.Base - week four clickable under Steps
07:27:37.830 [main] INFO  com.healowhub.base.Base - week twelve clickable under Steps
10:29:45.643 [main] INFO  com.healowhub.base.Base - driver is initialized
10:30:23.933 [main] INFO  com.healowhub.base.Base - title verified of Blood Sugar
10:30:24.332 [main] INFO  com.healowhub.base.Base - week one clickable under Blood Sugar
10:30:24.472 [main] INFO  com.healowhub.base.Base - week twelve clickable under Blood Sugar
10:30:24.527 [main] INFO  com.healowhub.base.Base - title verified of BloodPressure
10:30:24.642 [main] INFO  com.healowhub.base.Base - week one clickable under BloodPressure
10:30:24.809 [main] INFO  com.healowhub.base.Base - week four clickable under BloodPressure
10:30:24.918 [main] INFO  com.healowhub.base.Base - week twelve clickable under BloodPressure
10:30:25.035 [main] INFO  com.healowhub.base.Base - title verified of BMI
10:30:25.215 [main] INFO  com.healowhub.base.Base - week one clickable under BMI
10:30:25.340 [main] INFO  com.healowhub.base.Base - week four clickable under BMI
10:30:25.474 [main] INFO  com.healowhub.base.Base - week twelve clickable under BMI
10:30:25.527 [main] INFO  com.healowhub.base.Base - title verified of Calories
10:30:25.669 [main] INFO  com.healowhub.base.Base - week one clickable under Calories
10:30:25.794 [main] INFO  com.healowhub.base.Base - week four clickable under Calories
10:30:25.928 [main] INFO  com.healowhub.base.Base - week twelve clickable under Calories
10:30:26.011 [main] INFO  com.healowhub.base.Base - title verified of Distance
10:30:26.160 [main] INFO  com.healowhub.base.Base - week one clickable under Calories
10:30:26.282 [main] INFO  com.healowhub.base.Base - week four clickable under Distance
10:30:26.396 [main] INFO  com.healowhub.base.Base - week twelve clickable under Distance
10:30:26.447 [main] INFO  com.healowhub.base.Base - title verified of Floors
10:30:26.615 [main] INFO  com.healowhub.base.Base - week one clickable under Floors
10:30:26.732 [main] INFO  com.healowhub.base.Base - week four clickable under Floors
10:30:26.881 [main] INFO  com.healowhub.base.Base - week twelve clickable under Floors
10:30:26.995 [main] INFO  com.healowhub.base.Base - title verified of Sleep
10:30:27.140 [main] INFO  com.healowhub.base.Base - week one clickable under Sleep
10:30:27.257 [main] INFO  com.healowhub.base.Base - week four clickable under Sleep
10:30:27.370 [main] INFO  com.healowhub.base.Base - week twelve clickable under Sleep
10:30:27.418 [main] INFO  com.healowhub.base.Base - title verified of Steps
10:30:27.561 [main] INFO  com.healowhub.base.Base - week one clickable under Steps
10:30:27.681 [main] INFO  com.healowhub.base.Base - week four clickable under Steps
10:30:27.790 [main] INFO  com.healowhub.base.Base - week twelve clickable under Steps
10:33:30.933 [main] INFO  com.healowhub.base.Base - driver is initialized
10:34:07.387 [main] INFO  com.healowhub.base.Base - title verified of Blood Sugar
10:34:07.724 [main] INFO  com.healowhub.base.Base - week one clickable under Blood Sugar
10:34:07.884 [main] INFO  com.healowhub.base.Base - week twelve clickable under Blood Sugar
10:34:07.944 [main] INFO  com.healowhub.base.Base - title verified of BloodPressure
10:34:08.092 [main] INFO  com.healowhub.base.Base - week one clickable under BloodPressure
10:34:08.232 [main] INFO  com.healowhub.base.Base - week four clickable under BloodPressure
10:34:08.334 [main] INFO  com.healowhub.base.Base - week twelve clickable under BloodPressure
10:34:08.438 [main] INFO  com.healowhub.base.Base - title verified of BMI
10:34:08.595 [main] INFO  com.healowhub.base.Base - week one clickable under BMI
10:34:08.745 [main] INFO  com.healowhub.base.Base - week four clickable under BMI
10:34:08.882 [main] INFO  com.healowhub.base.Base - week twelve clickable under BMI
10:34:08.933 [main] INFO  com.healowhub.base.Base - title verified of Calories
10:34:09.078 [main] INFO  com.healowhub.base.Base - week one clickable under Calories
10:34:09.203 [main] INFO  com.healowhub.base.Base - week four clickable under Calories
10:34:09.317 [main] INFO  com.healowhub.base.Base - week twelve clickable under Calories
10:34:09.414 [main] INFO  com.healowhub.base.Base - title verified of Distance
10:34:09.558 [main] INFO  com.healowhub.base.Base - week one clickable under Calories
10:34:09.674 [main] INFO  com.healowhub.base.Base - week four clickable under Distance
10:34:09.782 [main] INFO  com.healowhub.base.Base - week twelve clickable under Distance
10:34:09.836 [main] INFO  com.healowhub.base.Base - title verified of Floors
10:34:10.002 [main] INFO  com.healowhub.base.Base - week one clickable under Floors
10:34:10.108 [main] INFO  com.healowhub.base.Base - week four clickable under Floors
10:34:10.226 [main] INFO  com.healowhub.base.Base - week twelve clickable under Floors
10:34:10.310 [main] INFO  com.healowhub.base.Base - title verified of Sleep
10:34:10.454 [main] INFO  com.healowhub.base.Base - week one clickable under Sleep
10:34:10.574 [main] INFO  com.healowhub.base.Base - week four clickable under Sleep
10:34:10.681 [main] INFO  com.healowhub.base.Base - week twelve clickable under Sleep
10:34:10.733 [main] INFO  com.healowhub.base.Base - title verified of Steps
10:34:10.867 [main] INFO  com.healowhub.base.Base - week one clickable under Steps
10:34:10.990 [main] INFO  com.healowhub.base.Base - week four clickable under Steps
10:34:11.099 [main] INFO  com.healowhub.base.Base - week twelve clickable under Steps
10:39:41.144 [main] INFO  com.healowhub.base.Base - driver is initialized
10:40:20.438 [main] INFO  com.healowhub.base.Base - title verified of BloodPressure
10:40:20.568 [main] INFO  com.healowhub.base.Base - week one clickable under BloodPressure
10:40:20.715 [main] INFO  com.healowhub.base.Base - week four clickable under BloodPressure
10:40:20.825 [main] INFO  com.healowhub.base.Base - week twelve clickable under BloodPressure
10:40:20.952 [main] INFO  com.healowhub.base.Base - title verified of BMI
10:40:21.162 [main] INFO  com.healowhub.base.Base - week one clickable under BMI
10:40:21.289 [main] INFO  com.healowhub.base.Base - week four clickable under BMI
10:40:21.404 [main] INFO  com.healowhub.base.Base - week twelve clickable under BMI
10:40:21.462 [main] INFO  com.healowhub.base.Base - title verified of Calories
10:40:21.604 [main] INFO  com.healowhub.base.Base - week one clickable under Calories
10:40:21.770 [main] INFO  com.healowhub.base.Base - week four clickable under Calories
10:40:21.906 [main] INFO  com.healowhub.base.Base - week twelve clickable under Calories
10:40:22.004 [main] INFO  com.healowhub.base.Base - title verified of Distance
10:40:22.200 [main] INFO  com.healowhub.base.Base - week one clickable under Calories
10:40:22.330 [main] INFO  com.healowhub.base.Base - week four clickable under Distance
10:40:22.451 [main] INFO  com.healowhub.base.Base - week twelve clickable under Distance
10:40:22.500 [main] INFO  com.healowhub.base.Base - title verified of Floors
10:40:22.642 [main] INFO  com.healowhub.base.Base - week one clickable under Floors
10:40:22.767 [main] INFO  com.healowhub.base.Base - week four clickable under Floors
10:40:22.878 [main] INFO  com.healowhub.base.Base - week twelve clickable under Floors
10:40:22.973 [main] INFO  com.healowhub.base.Base - title verified of Sleep
10:40:23.121 [main] INFO  com.healowhub.base.Base - week one clickable under Sleep
10:40:23.247 [main] INFO  com.healowhub.base.Base - week four clickable under Sleep
10:40:23.359 [main] INFO  com.healowhub.base.Base - week twelve clickable under Sleep
10:40:23.406 [main] INFO  com.healowhub.base.Base - title verified of Steps
10:40:23.555 [main] INFO  com.healowhub.base.Base - week one clickable under Steps
10:40:23.674 [main] INFO  com.healowhub.base.Base - week four clickable under Steps
10:40:23.790 [main] INFO  com.healowhub.base.Base - week twelve clickable under Steps
